[debug] [2023-03-08T23:05:40.718Z] ----------------------------------------------------------------------
[debug] [2023-03-08T23:05:40.722Z] Command:       C:\Program Files\nodejs\node.exe C:\Users\ander\AppData\Roaming\npm\node_modules\firebase-tools\lib\bin\firebase.js init
[debug] [2023-03-08T23:05:40.723Z] CLI Version:   11.24.1
[debug] [2023-03-08T23:05:40.723Z] Platform:      win32
[debug] [2023-03-08T23:05:40.723Z] Node Version:  v16.18.0
[debug] [2023-03-08T23:05:40.724Z] Time:          Wed Mar 08 2023 19:05:40 GMT-0400 (Bolivia Time)
[debug] [2023-03-08T23:05:40.725Z] ----------------------------------------------------------------------
[debug] 
[debug] [2023-03-08T23:05:40.737Z] > command requires scopes: ["email","openid","https://www.googleapis.com/auth/cloudplatformprojects.readonly","https://www.googleapis.com/auth/firebase","https://www.googleapis.com/auth/cloud-platform"]
[debug] [2023-03-08T23:05:40.737Z] > authorizing via signed-in user (andersonjavier2.9.0.9@gmail.com)
[info] 
     ######## #### ########  ######## ########     ###     ######  ########
     ##        ##  ##     ## ##       ##     ##  ##   ##  ##       ##
     ######    ##  ########  ######   ########  #########  ######  ######
     ##        ##  ##    ##  ##       ##     ## ##     ##       ## ##
     ##       #### ##     ## ######## ########  ##     ##  ######  ########

You're about to initialize a Firebase project in this directory:

  C:\Users\ander\OneDrive\Anderson archivos del cuatrimestre-7\Electiva 2\Practices\PracticeGitHubActions

[info] 
=== Project Setup
[info] 
[info] First, let's associate this project directory with a Firebase project.
[info] You can create multiple project aliases by running firebase use --add, 
[info] but for now we'll just set up a default project.
[info] 
[debug] [2023-03-08T23:08:57.759Z] >>> [apiv2][query] GET https://firebase.googleapis.com/v1beta1/projects pageSize=100
[debug] [2023-03-08T23:08:58.375Z] <<< [apiv2][status] GET https://firebase.googleapis.com/v1beta1/projects 200
[debug] [2023-03-08T23:08:58.376Z] <<< [apiv2][body] GET https://firebase.googleapis.com/v1beta1/projects [omitted]
[info] i  Using project animecharactersinfo-f8a7e (animeCharactersInfo) 
[info] 
=== Hosting Setup
[info] 
[info] Your public directory is the folder (relative to your project directory) that
[info] will contain Hosting assets to be uploaded with firebase deploy. If you
[info] have a build process for your assets, use your build's output directory.
[info] 
